2013/02/09 20:01:51 [error] [php] include(WebUser.php): failed to open stream: No such file or directory (C:\xampp\htdocs\Vidriluz\yii-1.1.13.e9e4a0\framework\YiiBase.php:421)
Stack trace:
#0 C:\xampp\htdocs\Vidriluz\yii-1.1.13.e9e4a0\framework\YiiBase.php(196): import()
#1 C:\xampp\htdocs\Vidriluz\yii-1.1.13.e9e4a0\framework\base\CModule.php(386): createComponent()
#2 C:\xampp\htdocs\Vidriluz\yii-1.1.13.e9e4a0\framework\base\CModule.php(103): CWebApplication->getComponent()
#3 C:\xampp\htdocs\Vidriluz\site\protected\views\layouts\main.php(35): CWebApplication->__get()
#4 C:\xampp\htdocs\Vidriluz\yii-1.1.13.e9e4a0\framework\web\CBaseController.php(126): require()
#5 C:\xampp\htdocs\Vidriluz\yii-1.1.13.e9e4a0\framework\web\CBaseController.php(95): SiteController->renderInternal()
#6 C:\xampp\htdocs\Vidriluz\yii-1.1.13.e9e4a0\framework\web\widgets\CContentDecorator.php(76): SiteController->renderFile()
#7 C:\xampp\htdocs\Vidriluz\yii-1.1.13.e9e4a0\framework\web\widgets\CContentDecorator.php(54): CContentDecorator->decorate()
#8 C:\xampp\htdocs\Vidriluz\yii-1.1.13.e9e4a0\framework\web\widgets\COutputProcessor.php(44): CContentDecorator->processOutput()
#9 C:\xampp\htdocs\Vidriluz\yii-1.1.13.e9e4a0\framework\web\CBaseController.php(206): CContentDecorator->run()
#10 C:\xampp\htdocs\Vidriluz\yii-1.1.13.e9e4a0\framework\web\CBaseController.php(300): SiteController->endWidget()
#11 C:\xampp\htdocs\Vidriluz\site\protected\views\layouts\column1.php(6): SiteController->endContent()
#12 C:\xampp\htdocs\Vidriluz\yii-1.1.13.e9e4a0\framework\web\CBaseController.php(126): require()
#13 C:\xampp\htdocs\Vidriluz\yii-1.1.13.e9e4a0\framework\web\CBaseController.php(95): SiteController->renderInternal()
#14 C:\xampp\htdocs\Vidriluz\yii-1.1.13.e9e4a0\framework\web\CController.php(784): SiteController->renderFile()
#15 C:\xampp\htdocs\Vidriluz\site\protected\controllers\SiteController.php(32): SiteController->render()
#16 C:\xampp\htdocs\Vidriluz\yii-1.1.13.e9e4a0\framework\web\actions\CInlineAction.php(49): SiteController->actionIndex()
#17 C:\xampp\htdocs\Vidriluz\yii-1.1.13.e9e4a0\framework\web\CController.php(308): CInlineAction->runWithParams()
#18 C:\xampp\htdocs\Vidriluz\yii-1.1.13.e9e4a0\framework\web\CController.php(286): SiteController->runAction()
#19 C:\xampp\htdocs\Vidriluz\yii-1.1.13.e9e4a0\framework\web\CController.php(265): SiteController->runActionWithFilters()
#20 C:\xampp\htdocs\Vidriluz\yii-1.1.13.e9e4a0\framework\web\CWebApplication.php(282): SiteController->run()
#21 C:\xampp\htdocs\Vidriluz\yii-1.1.13.e9e4a0\framework\web\CWebApplication.php(141): CWebApplication->runController()
#22 C:\xampp\htdocs\Vidriluz\yii-1.1.13.e9e4a0\framework\base\CApplication.php(169): CWebApplication->processRequest()
#23 C:\xampp\htdocs\Vidriluz\site\index.php(13): CWebApplication->run()
REQUEST_URI=/Vidriluz/site/index.php?r=site/index
in C:\xampp\htdocs\Vidriluz\site\protected\views\layouts\main.php (35)
in C:\xampp\htdocs\Vidriluz\site\protected\views\layouts\column1.php (6)
in C:\xampp\htdocs\Vidriluz\site\protected\controllers\SiteController.php (32)
2013/02/09 20:11:11 [error] [exception.CDbException] exception 'CDbException' with message 'CDbConnection failed to open the DB connection: SQLSTATE[HY000] [1045] Access denied for user 'root'@'localhost' (using password: YES)' in C:\xampp\htdocs\Vidriluz\yii-1.1.13.e9e4a0\framework\db\CDbConnection.php:381
Stack trace:
#0 C:\xampp\htdocs\Vidriluz\yii-1.1.13.e9e4a0\framework\db\CDbConnection.php(330): CDbConnection->open()
#1 C:\xampp\htdocs\Vidriluz\yii-1.1.13.e9e4a0\framework\db\CDbConnection.php(308): CDbConnection->setActive(true)
#2 C:\xampp\htdocs\Vidriluz\yii-1.1.13.e9e4a0\framework\base\CModule.php(387): CDbConnection->init()
#3 C:\xampp\htdocs\Vidriluz\yii-1.1.13.e9e4a0\framework\cli\commands\MigrateCommand.php(442): CModule->getComponent('db')
#4 C:\xampp\htdocs\Vidriluz\yii-1.1.13.e9e4a0\framework\cli\commands\MigrateCommand.php(451): MigrateCommand->getDbConnection()
#5 C:\xampp\htdocs\Vidriluz\yii-1.1.13.e9e4a0\framework\cli\commands\MigrateCommand.php(482): MigrateCommand->getMigrationHistory(-1)
#6 C:\xampp\htdocs\Vidriluz\yii-1.1.13.e9e4a0\framework\cli\commands\MigrateCommand.php(84): MigrateCommand->getNewMigrations()
#7 [internal function]: MigrateCommand->actionUp(Array)
#8 C:\xampp\htdocs\Vidriluz\yii-1.1.13.e9e4a0\framework\console\CConsoleCommand.php(172): ReflectionMethod->invokeArgs(Object(MigrateCommand), Array)
#9 C:\xampp\htdocs\Vidriluz\yii-1.1.13.e9e4a0\framework\console\CConsoleCommandRunner.php(67): CConsoleCommand->run(Array)
#10 C:\xampp\htdocs\Vidriluz\yii-1.1.13.e9e4a0\framework\console\CConsoleApplication.php(91): CConsoleCommandRunner->run(Array)
#11 C:\xampp\htdocs\Vidriluz\yii-1.1.13.e9e4a0\framework\base\CApplication.php(169): CConsoleApplication->processRequest()
#12 C:\xampp\htdocs\Vidriluz\yii-1.1.13.e9e4a0\framework\yiic.php(33): CApplication->run()
#13 C:\xampp\htdocs\Vidriluz\site\protected\yiic.php(7): require_once('C:\xampp\htdocs...')
#14 {main}
---
2013/02/09 20:12:19 [error] [system.db.CDbCommand] CDbCommand::fetchAll() failed: SQLSTATE[42S02]: Base table or view not found: 1146 Table 'vidriluzyii.tbl_migration' doesn't exist. The SQL statement executed was: SHOW FULL COLUMNS FROM `tbl_migration`.
2013/02/09 20:14:49 [error] [exception.CHttpException.404] exception 'CHttpException' with message 'Unable to resolve the request "user/register".' in C:\xampp\htdocs\Vidriluz\yii-1.1.13.e9e4a0\framework\web\CWebApplication.php:286
Stack trace:
#0 C:\xampp\htdocs\Vidriluz\yii-1.1.13.e9e4a0\framework\web\CWebApplication.php(141): CWebApplication->runController('user/register')
#1 C:\xampp\htdocs\Vidriluz\yii-1.1.13.e9e4a0\framework\base\CApplication.php(169): CWebApplication->processRequest()
#2 C:\xampp\htdocs\Vidriluz\site\index.php(13): CApplication->run()
#3 {main}
REQUEST_URI=/Vidriluz/site/index.php/user/register
---
2013/02/09 20:16:10 [warning] [application] Failed to set unsafe attribute "verifyCode" of "RegistrationForm".
in C:\xampp\htdocs\Vidriluz\site\protected\modules\user\controllers\RegistrationController.php (30)
in C:\xampp\htdocs\Vidriluz\site\index.php (13)
2013/02/09 20:16:11 [warning] [application] Failed to set unsafe attribute "verifyCode" of "RegistrationForm".
in C:\xampp\htdocs\Vidriluz\site\protected\modules\user\controllers\RegistrationController.php (30)
in C:\xampp\htdocs\Vidriluz\site\index.php (13)
2013/02/09 20:16:13 [warning] [application] Failed to set unsafe attribute "verifyCode" of "RegistrationForm".
in C:\xampp\htdocs\Vidriluz\site\protected\modules\user\controllers\RegistrationController.php (30)
in C:\xampp\htdocs\Vidriluz\site\index.php (13)
2013/02/09 20:16:17 [warning] [application] Failed to set unsafe attribute "verifyCode" of "RegistrationForm".
in C:\xampp\htdocs\Vidriluz\site\protected\modules\user\controllers\RegistrationController.php (30)
in C:\xampp\htdocs\Vidriluz\site\index.php (13)
2013/02/09 20:16:22 [warning] [application] Failed to set unsafe attribute "verifyCode" of "RegistrationForm".
in C:\xampp\htdocs\Vidriluz\site\protected\modules\user\controllers\RegistrationController.php (30)
in C:\xampp\htdocs\Vidriluz\site\index.php (13)
2013/02/09 20:16:33 [warning] [application] Failed to set unsafe attribute "verifyCode" of "RegistrationForm".
in C:\xampp\htdocs\Vidriluz\site\protected\modules\user\controllers\RegistrationController.php (30)
in C:\xampp\htdocs\Vidriluz\site\index.php (13)
2013/02/09 20:16:34 [warning] [application] Failed to set unsafe attribute "verifyCode" of "RegistrationForm".
in C:\xampp\htdocs\Vidriluz\site\protected\modules\user\controllers\RegistrationController.php (30)
in C:\xampp\htdocs\Vidriluz\site\index.php (13)
2013/02/09 20:16:42 [warning] [application] Failed to set unsafe attribute "verifyCode" of "RegistrationForm".
in C:\xampp\htdocs\Vidriluz\site\protected\modules\user\controllers\RegistrationController.php (30)
in C:\xampp\htdocs\Vidriluz\site\index.php (13)
2013/02/09 23:09:33 [error] [php] include(CssMenu.php): failed to open stream: No such file or directory (C:\xampp\htdocs\Vidriluz\yii-1.1.13.e9e4a0\framework\YiiBase.php:421)
Stack trace:
#0 C:\xampp\htdocs\Vidriluz\yii-1.1.13.e9e4a0\framework\web\CWidgetFactory.php(147): spl_autoload_call()
#1 C:\xampp\htdocs\Vidriluz\yii-1.1.13.e9e4a0\framework\web\CBaseController.php(146): CWidgetFactory->createWidget()
#2 C:\xampp\htdocs\Vidriluz\yii-1.1.13.e9e4a0\framework\web\CBaseController.php(172): SiteController->createWidget()
#3 C:\xampp\htdocs\Vidriluz\site\protected\views\layouts\main.php(50): SiteController->widget()
#4 C:\xampp\htdocs\Vidriluz\yii-1.1.13.e9e4a0\framework\web\CBaseController.php(126): require()
#5 C:\xampp\htdocs\Vidriluz\yii-1.1.13.e9e4a0\framework\web\CBaseController.php(95): SiteController->renderInternal()
#6 C:\xampp\htdocs\Vidriluz\yii-1.1.13.e9e4a0\framework\web\widgets\CContentDecorator.php(76): SiteController->renderFile()
#7 C:\xampp\htdocs\Vidriluz\yii-1.1.13.e9e4a0\framework\web\widgets\CContentDecorator.php(54): CContentDecorator->decorate()
#8 C:\xampp\htdocs\Vidriluz\yii-1.1.13.e9e4a0\framework\web\widgets\COutputProcessor.php(44): CContentDecorator->processOutput()
#9 C:\xampp\htdocs\Vidriluz\yii-1.1.13.e9e4a0\framework\web\CBaseController.php(206): CContentDecorator->run()
#10 C:\xampp\htdocs\Vidriluz\yii-1.1.13.e9e4a0\framework\web\CBaseController.php(300): SiteController->endWidget()
#11 C:\xampp\htdocs\Vidriluz\site\protected\views\layouts\column1.php(6): SiteController->endContent()
#12 C:\xampp\htdocs\Vidriluz\yii-1.1.13.e9e4a0\framework\web\CBaseController.php(126): require()
#13 C:\xampp\htdocs\Vidriluz\yii-1.1.13.e9e4a0\framework\web\CBaseController.php(95): SiteController->renderInternal()
#14 C:\xampp\htdocs\Vidriluz\yii-1.1.13.e9e4a0\framework\web\CController.php(784): SiteController->renderFile()
#15 C:\xampp\htdocs\Vidriluz\site\protected\controllers\SiteController.php(32): SiteController->render()
#16 C:\xampp\htdocs\Vidriluz\yii-1.1.13.e9e4a0\framework\web\actions\CInlineAction.php(49): SiteController->actionIndex()
#17 C:\xampp\htdocs\Vidriluz\yii-1.1.13.e9e4a0\framework\web\CController.php(308): CInlineAction->runWithParams()
#18 C:\xampp\htdocs\Vidriluz\yii-1.1.13.e9e4a0\framework\web\CController.php(286): SiteController->runAction()
#19 C:\xampp\htdocs\Vidriluz\yii-1.1.13.e9e4a0\framework\web\CController.php(265): SiteController->runActionWithFilters()
#20 C:\xampp\htdocs\Vidriluz\yii-1.1.13.e9e4a0\framework\web\CWebApplication.php(282): SiteController->run()
#21 C:\xampp\htdocs\Vidriluz\yii-1.1.13.e9e4a0\framework\web\CWebApplication.php(141): CWebApplication->runController()
#22 C:\xampp\htdocs\Vidriluz\yii-1.1.13.e9e4a0\framework\base\CApplication.php(169): CWebApplication->processRequest()
#23 C:\xampp\htdocs\Vidriluz\site\index.php(13): CWebApplication->run()
REQUEST_URI=/Vidriluz/site/index.php
in C:\xampp\htdocs\Vidriluz\site\protected\views\layouts\main.php (50)
in C:\xampp\htdocs\Vidriluz\site\protected\views\layouts\column1.php (6)
in C:\xampp\htdocs\Vidriluz\site\protected\controllers\SiteController.php (32)
2013/02/09 23:09:35 [error] [php] include(CssMenu.php): failed to open stream: No such file or directory (C:\xampp\htdocs\Vidriluz\yii-1.1.13.e9e4a0\framework\YiiBase.php:421)
Stack trace:
#0 C:\xampp\htdocs\Vidriluz\yii-1.1.13.e9e4a0\framework\web\CWidgetFactory.php(147): spl_autoload_call()
#1 C:\xampp\htdocs\Vidriluz\yii-1.1.13.e9e4a0\framework\web\CBaseController.php(146): CWidgetFactory->createWidget()
#2 C:\xampp\htdocs\Vidriluz\yii-1.1.13.e9e4a0\framework\web\CBaseController.php(172): SiteController->createWidget()
#3 C:\xampp\htdocs\Vidriluz\site\protected\views\layouts\main.php(50): SiteController->widget()
#4 C:\xampp\htdocs\Vidriluz\yii-1.1.13.e9e4a0\framework\web\CBaseController.php(126): require()
#5 C:\xampp\htdocs\Vidriluz\yii-1.1.13.e9e4a0\framework\web\CBaseController.php(95): SiteController->renderInternal()
#6 C:\xampp\htdocs\Vidriluz\yii-1.1.13.e9e4a0\framework\web\widgets\CContentDecorator.php(76): SiteController->renderFile()
#7 C:\xampp\htdocs\Vidriluz\yii-1.1.13.e9e4a0\framework\web\widgets\CContentDecorator.php(54): CContentDecorator->decorate()
#8 C:\xampp\htdocs\Vidriluz\yii-1.1.13.e9e4a0\framework\web\widgets\COutputProcessor.php(44): CContentDecorator->processOutput()
#9 C:\xampp\htdocs\Vidriluz\yii-1.1.13.e9e4a0\framework\web\CBaseController.php(206): CContentDecorator->run()
#10 C:\xampp\htdocs\Vidriluz\yii-1.1.13.e9e4a0\framework\web\CBaseController.php(300): SiteController->endWidget()
#11 C:\xampp\htdocs\Vidriluz\site\protected\views\layouts\column1.php(6): SiteController->endContent()
#12 C:\xampp\htdocs\Vidriluz\yii-1.1.13.e9e4a0\framework\web\CBaseController.php(126): require()
#13 C:\xampp\htdocs\Vidriluz\yii-1.1.13.e9e4a0\framework\web\CBaseController.php(95): SiteController->renderInternal()
#14 C:\xampp\htdocs\Vidriluz\yii-1.1.13.e9e4a0\framework\web\CController.php(784): SiteController->renderFile()
#15 C:\xampp\htdocs\Vidriluz\site\protected\controllers\SiteController.php(32): SiteController->render()
#16 C:\xampp\htdocs\Vidriluz\yii-1.1.13.e9e4a0\framework\web\actions\CInlineAction.php(49): SiteController->actionIndex()
#17 C:\xampp\htdocs\Vidriluz\yii-1.1.13.e9e4a0\framework\web\CController.php(308): CInlineAction->runWithParams()
#18 C:\xampp\htdocs\Vidriluz\yii-1.1.13.e9e4a0\framework\web\CController.php(286): SiteController->runAction()
#19 C:\xampp\htdocs\Vidriluz\yii-1.1.13.e9e4a0\framework\web\CController.php(265): SiteController->runActionWithFilters()
#20 C:\xampp\htdocs\Vidriluz\yii-1.1.13.e9e4a0\framework\web\CWebApplication.php(282): SiteController->run()
#21 C:\xampp\htdocs\Vidriluz\yii-1.1.13.e9e4a0\framework\web\CWebApplication.php(141): CWebApplication->runController()
#22 C:\xampp\htdocs\Vidriluz\yii-1.1.13.e9e4a0\framework\base\CApplication.php(169): CWebApplication->processRequest()
#23 C:\xampp\htdocs\Vidriluz\site\index.php(13): CWebApplication->run()
REQUEST_URI=/Vidriluz/site/index.php
in C:\xampp\htdocs\Vidriluz\site\protected\views\layouts\main.php (50)
in C:\xampp\htdocs\Vidriluz\site\protected\views\layouts\column1.php (6)
in C:\xampp\htdocs\Vidriluz\site\protected\controllers\SiteController.php (32)
2013/02/09 23:10:32 [error] [php] include(CssMenu.php): failed to open stream: No such file or directory (C:\xampp\htdocs\Vidriluz\yii-1.1.13.e9e4a0\framework\YiiBase.php:421)
Stack trace:
#0 C:\xampp\htdocs\Vidriluz\yii-1.1.13.e9e4a0\framework\web\CWidgetFactory.php(147): spl_autoload_call()
#1 C:\xampp\htdocs\Vidriluz\yii-1.1.13.e9e4a0\framework\web\CBaseController.php(146): CWidgetFactory->createWidget()
#2 C:\xampp\htdocs\Vidriluz\yii-1.1.13.e9e4a0\framework\web\CBaseController.php(172): SiteController->createWidget()
#3 C:\xampp\htdocs\Vidriluz\site\protected\views\layouts\main.php(50): SiteController->widget()
#4 C:\xampp\htdocs\Vidriluz\yii-1.1.13.e9e4a0\framework\web\CBaseController.php(126): require()
#5 C:\xampp\htdocs\Vidriluz\yii-1.1.13.e9e4a0\framework\web\CBaseController.php(95): SiteController->renderInternal()
#6 C:\xampp\htdocs\Vidriluz\yii-1.1.13.e9e4a0\framework\web\widgets\CContentDecorator.php(76): SiteController->renderFile()
#7 C:\xampp\htdocs\Vidriluz\yii-1.1.13.e9e4a0\framework\web\widgets\CContentDecorator.php(54): CContentDecorator->decorate()
#8 C:\xampp\htdocs\Vidriluz\yii-1.1.13.e9e4a0\framework\web\widgets\COutputProcessor.php(44): CContentDecorator->processOutput()
#9 C:\xampp\htdocs\Vidriluz\yii-1.1.13.e9e4a0\framework\web\CBaseController.php(206): CContentDecorator->run()
#10 C:\xampp\htdocs\Vidriluz\yii-1.1.13.e9e4a0\framework\web\CBaseController.php(300): SiteController->endWidget()
#11 C:\xampp\htdocs\Vidriluz\site\protected\views\layouts\column1.php(6): SiteController->endContent()
#12 C:\xampp\htdocs\Vidriluz\yii-1.1.13.e9e4a0\framework\web\CBaseController.php(126): require()
#13 C:\xampp\htdocs\Vidriluz\yii-1.1.13.e9e4a0\framework\web\CBaseController.php(95): SiteController->renderInternal()
#14 C:\xampp\htdocs\Vidriluz\yii-1.1.13.e9e4a0\framework\web\CController.php(784): SiteController->renderFile()
#15 C:\xampp\htdocs\Vidriluz\site\protected\controllers\SiteController.php(32): SiteController->render()
#16 C:\xampp\htdocs\Vidriluz\yii-1.1.13.e9e4a0\framework\web\actions\CInlineAction.php(49): SiteController->actionIndex()
#17 C:\xampp\htdocs\Vidriluz\yii-1.1.13.e9e4a0\framework\web\CController.php(308): CInlineAction->runWithParams()
#18 C:\xampp\htdocs\Vidriluz\yii-1.1.13.e9e4a0\framework\web\CController.php(286): SiteController->runAction()
#19 C:\xampp\htdocs\Vidriluz\yii-1.1.13.e9e4a0\framework\web\CController.php(265): SiteController->runActionWithFilters()
#20 C:\xampp\htdocs\Vidriluz\yii-1.1.13.e9e4a0\framework\web\CWebApplication.php(282): SiteController->run()
#21 C:\xampp\htdocs\Vidriluz\yii-1.1.13.e9e4a0\framework\web\CWebApplication.php(141): CWebApplication->runController()
#22 C:\xampp\htdocs\Vidriluz\yii-1.1.13.e9e4a0\framework\base\CApplication.php(169): CWebApplication->processRequest()
#23 C:\xampp\htdocs\Vidriluz\site\index.php(13): CWebApplication->run()
REQUEST_URI=/Vidriluz/site/index.php
in C:\xampp\htdocs\Vidriluz\site\protected\views\layouts\main.php (50)
in C:\xampp\htdocs\Vidriluz\site\protected\views\layouts\column1.php (6)
in C:\xampp\htdocs\Vidriluz\site\protected\controllers\SiteController.php (32)
2013/02/09 23:10:33 [error] [php] include(CssMenu.php): failed to open stream: No such file or directory (C:\xampp\htdocs\Vidriluz\yii-1.1.13.e9e4a0\framework\YiiBase.php:421)
Stack trace:
#0 C:\xampp\htdocs\Vidriluz\yii-1.1.13.e9e4a0\framework\web\CWidgetFactory.php(147): spl_autoload_call()
#1 C:\xampp\htdocs\Vidriluz\yii-1.1.13.e9e4a0\framework\web\CBaseController.php(146): CWidgetFactory->createWidget()
#2 C:\xampp\htdocs\Vidriluz\yii-1.1.13.e9e4a0\framework\web\CBaseController.php(172): SiteController->createWidget()
#3 C:\xampp\htdocs\Vidriluz\site\protected\views\layouts\main.php(50): SiteController->widget()
#4 C:\xampp\htdocs\Vidriluz\yii-1.1.13.e9e4a0\framework\web\CBaseController.php(126): require()
#5 C:\xampp\htdocs\Vidriluz\yii-1.1.13.e9e4a0\framework\web\CBaseController.php(95): SiteController->renderInternal()
#6 C:\xampp\htdocs\Vidriluz\yii-1.1.13.e9e4a0\framework\web\widgets\CContentDecorator.php(76): SiteController->renderFile()
#7 C:\xampp\htdocs\Vidriluz\yii-1.1.13.e9e4a0\framework\web\widgets\CContentDecorator.php(54): CContentDecorator->decorate()
#8 C:\xampp\htdocs\Vidriluz\yii-1.1.13.e9e4a0\framework\web\widgets\COutputProcessor.php(44): CContentDecorator->processOutput()
#9 C:\xampp\htdocs\Vidriluz\yii-1.1.13.e9e4a0\framework\web\CBaseController.php(206): CContentDecorator->run()
#10 C:\xampp\htdocs\Vidriluz\yii-1.1.13.e9e4a0\framework\web\CBaseController.php(300): SiteController->endWidget()
#11 C:\xampp\htdocs\Vidriluz\site\protected\views\layouts\column1.php(6): SiteController->endContent()
#12 C:\xampp\htdocs\Vidriluz\yii-1.1.13.e9e4a0\framework\web\CBaseController.php(126): require()
#13 C:\xampp\htdocs\Vidriluz\yii-1.1.13.e9e4a0\framework\web\CBaseController.php(95): SiteController->renderInternal()
#14 C:\xampp\htdocs\Vidriluz\yii-1.1.13.e9e4a0\framework\web\CController.php(784): SiteController->renderFile()
#15 C:\xampp\htdocs\Vidriluz\site\protected\controllers\SiteController.php(32): SiteController->render()
#16 C:\xampp\htdocs\Vidriluz\yii-1.1.13.e9e4a0\framework\web\actions\CInlineAction.php(49): SiteController->actionIndex()
#17 C:\xampp\htdocs\Vidriluz\yii-1.1.13.e9e4a0\framework\web\CController.php(308): CInlineAction->runWithParams()
#18 C:\xampp\htdocs\Vidriluz\yii-1.1.13.e9e4a0\framework\web\CController.php(286): SiteController->runAction()
#19 C:\xampp\htdocs\Vidriluz\yii-1.1.13.e9e4a0\framework\web\CController.php(265): SiteController->runActionWithFilters()
#20 C:\xampp\htdocs\Vidriluz\yii-1.1.13.e9e4a0\framework\web\CWebApplication.php(282): SiteController->run()
#21 C:\xampp\htdocs\Vidriluz\yii-1.1.13.e9e4a0\framework\web\CWebApplication.php(141): CWebApplication->runController()
#22 C:\xampp\htdocs\Vidriluz\yii-1.1.13.e9e4a0\framework\base\CApplication.php(169): CWebApplication->processRequest()
#23 C:\xampp\htdocs\Vidriluz\site\index.php(13): CWebApplication->run()
REQUEST_URI=/Vidriluz/site/index.php
in C:\xampp\htdocs\Vidriluz\site\protected\views\layouts\main.php (50)
in C:\xampp\htdocs\Vidriluz\site\protected\views\layouts\column1.php (6)
in C:\xampp\htdocs\Vidriluz\site\protected\controllers\SiteController.php (32)
2013/02/09 23:10:34 [error] [php] include(CssMenu.php): failed to open stream: No such file or directory (C:\xampp\htdocs\Vidriluz\yii-1.1.13.e9e4a0\framework\YiiBase.php:421)
Stack trace:
#0 C:\xampp\htdocs\Vidriluz\yii-1.1.13.e9e4a0\framework\web\CWidgetFactory.php(147): spl_autoload_call()
#1 C:\xampp\htdocs\Vidriluz\yii-1.1.13.e9e4a0\framework\web\CBaseController.php(146): CWidgetFactory->createWidget()
#2 C:\xampp\htdocs\Vidriluz\yii-1.1.13.e9e4a0\framework\web\CBaseController.php(172): SiteController->createWidget()
#3 C:\xampp\htdocs\Vidriluz\site\protected\views\layouts\main.php(50): SiteController->widget()
#4 C:\xampp\htdocs\Vidriluz\yii-1.1.13.e9e4a0\framework\web\CBaseController.php(126): require()
#5 C:\xampp\htdocs\Vidriluz\yii-1.1.13.e9e4a0\framework\web\CBaseController.php(95): SiteController->renderInternal()
#6 C:\xampp\htdocs\Vidriluz\yii-1.1.13.e9e4a0\framework\web\widgets\CContentDecorator.php(76): SiteController->renderFile()
#7 C:\xampp\htdocs\Vidriluz\yii-1.1.13.e9e4a0\framework\web\widgets\CContentDecorator.php(54): CContentDecorator->decorate()
#8 C:\xampp\htdocs\Vidriluz\yii-1.1.13.e9e4a0\framework\web\widgets\COutputProcessor.php(44): CContentDecorator->processOutput()
#9 C:\xampp\htdocs\Vidriluz\yii-1.1.13.e9e4a0\framework\web\CBaseController.php(206): CContentDecorator->run()
#10 C:\xampp\htdocs\Vidriluz\yii-1.1.13.e9e4a0\framework\web\CBaseController.php(300): SiteController->endWidget()
#11 C:\xampp\htdocs\Vidriluz\site\protected\views\layouts\column1.php(6): SiteController->endContent()
#12 C:\xampp\htdocs\Vidriluz\yii-1.1.13.e9e4a0\framework\web\CBaseController.php(126): require()
#13 C:\xampp\htdocs\Vidriluz\yii-1.1.13.e9e4a0\framework\web\CBaseController.php(95): SiteController->renderInternal()
#14 C:\xampp\htdocs\Vidriluz\yii-1.1.13.e9e4a0\framework\web\CController.php(784): SiteController->renderFile()
#15 C:\xampp\htdocs\Vidriluz\site\protected\controllers\SiteController.php(32): SiteController->render()
#16 C:\xampp\htdocs\Vidriluz\yii-1.1.13.e9e4a0\framework\web\actions\CInlineAction.php(49): SiteController->actionIndex()
#17 C:\xampp\htdocs\Vidriluz\yii-1.1.13.e9e4a0\framework\web\CController.php(308): CInlineAction->runWithParams()
#18 C:\xampp\htdocs\Vidriluz\yii-1.1.13.e9e4a0\framework\web\CController.php(286): SiteController->runAction()
#19 C:\xampp\htdocs\Vidriluz\yii-1.1.13.e9e4a0\framework\web\CController.php(265): SiteController->runActionWithFilters()
#20 C:\xampp\htdocs\Vidriluz\yii-1.1.13.e9e4a0\framework\web\CWebApplication.php(282): SiteController->run()
#21 C:\xampp\htdocs\Vidriluz\yii-1.1.13.e9e4a0\framework\web\CWebApplication.php(141): CWebApplication->runController()
#22 C:\xampp\htdocs\Vidriluz\yii-1.1.13.e9e4a0\framework\base\CApplication.php(169): CWebApplication->processRequest()
#23 C:\xampp\htdocs\Vidriluz\site\index.php(13): CWebApplication->run()
REQUEST_URI=/Vidriluz/site/index.php
in C:\xampp\htdocs\Vidriluz\site\protected\views\layouts\main.php (50)
in C:\xampp\htdocs\Vidriluz\site\protected\views\layouts\column1.php (6)
in C:\xampp\htdocs\Vidriluz\site\protected\controllers\SiteController.php (32)
2013/02/09 23:10:34 [error] [php] include(CssMenu.php): failed to open stream: No such file or directory (C:\xampp\htdocs\Vidriluz\yii-1.1.13.e9e4a0\framework\YiiBase.php:421)
Stack trace:
#0 C:\xampp\htdocs\Vidriluz\yii-1.1.13.e9e4a0\framework\web\CWidgetFactory.php(147): spl_autoload_call()
#1 C:\xampp\htdocs\Vidriluz\yii-1.1.13.e9e4a0\framework\web\CBaseController.php(146): CWidgetFactory->createWidget()
#2 C:\xampp\htdocs\Vidriluz\yii-1.1.13.e9e4a0\framework\web\CBaseController.php(172): SiteController->createWidget()
#3 C:\xampp\htdocs\Vidriluz\site\protected\views\layouts\main.php(50): SiteController->widget()
#4 C:\xampp\htdocs\Vidriluz\yii-1.1.13.e9e4a0\framework\web\CBaseController.php(126): require()
#5 C:\xampp\htdocs\Vidriluz\yii-1.1.13.e9e4a0\framework\web\CBaseController.php(95): SiteController->renderInternal()
#6 C:\xampp\htdocs\Vidriluz\yii-1.1.13.e9e4a0\framework\web\widgets\CContentDecorator.php(76): SiteController->renderFile()
#7 C:\xampp\htdocs\Vidriluz\yii-1.1.13.e9e4a0\framework\web\widgets\CContentDecorator.php(54): CContentDecorator->decorate()
#8 C:\xampp\htdocs\Vidriluz\yii-1.1.13.e9e4a0\framework\web\widgets\COutputProcessor.php(44): CContentDecorator->processOutput()
#9 C:\xampp\htdocs\Vidriluz\yii-1.1.13.e9e4a0\framework\web\CBaseController.php(206): CContentDecorator->run()
#10 C:\xampp\htdocs\Vidriluz\yii-1.1.13.e9e4a0\framework\web\CBaseController.php(300): SiteController->endWidget()
#11 C:\xampp\htdocs\Vidriluz\site\protected\views\layouts\column1.php(6): SiteController->endContent()
#12 C:\xampp\htdocs\Vidriluz\yii-1.1.13.e9e4a0\framework\web\CBaseController.php(126): require()
#13 C:\xampp\htdocs\Vidriluz\yii-1.1.13.e9e4a0\framework\web\CBaseController.php(95): SiteController->renderInternal()
#14 C:\xampp\htdocs\Vidriluz\yii-1.1.13.e9e4a0\framework\web\CController.php(784): SiteController->renderFile()
#15 C:\xampp\htdocs\Vidriluz\site\protected\controllers\SiteController.php(32): SiteController->render()
#16 C:\xampp\htdocs\Vidriluz\yii-1.1.13.e9e4a0\framework\web\actions\CInlineAction.php(49): SiteController->actionIndex()
#17 C:\xampp\htdocs\Vidriluz\yii-1.1.13.e9e4a0\framework\web\CController.php(308): CInlineAction->runWithParams()
#18 C:\xampp\htdocs\Vidriluz\yii-1.1.13.e9e4a0\framework\web\CController.php(286): SiteController->runAction()
#19 C:\xampp\htdocs\Vidriluz\yii-1.1.13.e9e4a0\framework\web\CController.php(265): SiteController->runActionWithFilters()
#20 C:\xampp\htdocs\Vidriluz\yii-1.1.13.e9e4a0\framework\web\CWebApplication.php(282): SiteController->run()
#21 C:\xampp\htdocs\Vidriluz\yii-1.1.13.e9e4a0\framework\web\CWebApplication.php(141): CWebApplication->runController()
#22 C:\xampp\htdocs\Vidriluz\yii-1.1.13.e9e4a0\framework\base\CApplication.php(169): CWebApplication->processRequest()
#23 C:\xampp\htdocs\Vidriluz\site\index.php(13): CWebApplication->run()
REQUEST_URI=/Vidriluz/site/index.php
in C:\xampp\htdocs\Vidriluz\site\protected\views\layouts\main.php (50)
in C:\xampp\htdocs\Vidriluz\site\protected\views\layouts\column1.php (6)
in C:\xampp\htdocs\Vidriluz\site\protected\controllers\SiteController.php (32)
2013/02/09 23:10:50 [error] [php] include(CssMenu.php): failed to open stream: No such file or directory (C:\xampp\htdocs\Vidriluz\yii-1.1.13.e9e4a0\framework\YiiBase.php:421)
Stack trace:
#0 C:\xampp\htdocs\Vidriluz\yii-1.1.13.e9e4a0\framework\web\CWidgetFactory.php(147): spl_autoload_call()
#1 C:\xampp\htdocs\Vidriluz\yii-1.1.13.e9e4a0\framework\web\CBaseController.php(146): CWidgetFactory->createWidget()
#2 C:\xampp\htdocs\Vidriluz\yii-1.1.13.e9e4a0\framework\web\CBaseController.php(172): SiteController->createWidget()
#3 C:\xampp\htdocs\Vidriluz\site\protected\views\layouts\main.php(50): SiteController->widget()
#4 C:\xampp\htdocs\Vidriluz\yii-1.1.13.e9e4a0\framework\web\CBaseController.php(126): require()
#5 C:\xampp\htdocs\Vidriluz\yii-1.1.13.e9e4a0\framework\web\CBaseController.php(95): SiteController->renderInternal()
#6 C:\xampp\htdocs\Vidriluz\yii-1.1.13.e9e4a0\framework\web\widgets\CContentDecorator.php(76): SiteController->renderFile()
#7 C:\xampp\htdocs\Vidriluz\yii-1.1.13.e9e4a0\framework\web\widgets\CContentDecorator.php(54): CContentDecorator->decorate()
#8 C:\xampp\htdocs\Vidriluz\yii-1.1.13.e9e4a0\framework\web\widgets\COutputProcessor.php(44): CContentDecorator->processOutput()
#9 C:\xampp\htdocs\Vidriluz\yii-1.1.13.e9e4a0\framework\web\CBaseController.php(206): CContentDecorator->run()
#10 C:\xampp\htdocs\Vidriluz\yii-1.1.13.e9e4a0\framework\web\CBaseController.php(300): SiteController->endWidget()
#11 C:\xampp\htdocs\Vidriluz\site\protected\views\layouts\column1.php(6): SiteController->endContent()
#12 C:\xampp\htdocs\Vidriluz\yii-1.1.13.e9e4a0\framework\web\CBaseController.php(126): require()
#13 C:\xampp\htdocs\Vidriluz\yii-1.1.13.e9e4a0\framework\web\CBaseController.php(95): SiteController->renderInternal()
#14 C:\xampp\htdocs\Vidriluz\yii-1.1.13.e9e4a0\framework\web\CController.php(784): SiteController->renderFile()
#15 C:\xampp\htdocs\Vidriluz\site\protected\controllers\SiteController.php(32): SiteController->render()
#16 C:\xampp\htdocs\Vidriluz\yii-1.1.13.e9e4a0\framework\web\actions\CInlineAction.php(49): SiteController->actionIndex()
#17 C:\xampp\htdocs\Vidriluz\yii-1.1.13.e9e4a0\framework\web\CController.php(308): CInlineAction->runWithParams()
#18 C:\xampp\htdocs\Vidriluz\yii-1.1.13.e9e4a0\framework\web\CController.php(286): SiteController->runAction()
#19 C:\xampp\htdocs\Vidriluz\yii-1.1.13.e9e4a0\framework\web\CController.php(265): SiteController->runActionWithFilters()
#20 C:\xampp\htdocs\Vidriluz\yii-1.1.13.e9e4a0\framework\web\CWebApplication.php(282): SiteController->run()
#21 C:\xampp\htdocs\Vidriluz\yii-1.1.13.e9e4a0\framework\web\CWebApplication.php(141): CWebApplication->runController()
#22 C:\xampp\htdocs\Vidriluz\yii-1.1.13.e9e4a0\framework\base\CApplication.php(169): CWebApplication->processRequest()
#23 C:\xampp\htdocs\Vidriluz\site\index.php(13): CWebApplication->run()
REQUEST_URI=/Vidriluz/site/index.php
in C:\xampp\htdocs\Vidriluz\site\protected\views\layouts\main.php (50)
in C:\xampp\htdocs\Vidriluz\site\protected\views\layouts\column1.php (6)
in C:\xampp\htdocs\Vidriluz\site\protected\controllers\SiteController.php (32)
2013/02/09 23:11:00 [error] [php] include(CssMenu.php): failed to open stream: No such file or directory (C:\xampp\htdocs\Vidriluz\yii-1.1.13.e9e4a0\framework\YiiBase.php:421)
Stack trace:
#0 C:\xampp\htdocs\Vidriluz\yii-1.1.13.e9e4a0\framework\web\CWidgetFactory.php(147): spl_autoload_call()
#1 C:\xampp\htdocs\Vidriluz\yii-1.1.13.e9e4a0\framework\web\CBaseController.php(146): CWidgetFactory->createWidget()
#2 C:\xampp\htdocs\Vidriluz\yii-1.1.13.e9e4a0\framework\web\CBaseController.php(172): SiteController->createWidget()
#3 C:\xampp\htdocs\Vidriluz\site\protected\views\layouts\main.php(50): SiteController->widget()
#4 C:\xampp\htdocs\Vidriluz\yii-1.1.13.e9e4a0\framework\web\CBaseController.php(126): require()
#5 C:\xampp\htdocs\Vidriluz\yii-1.1.13.e9e4a0\framework\web\CBaseController.php(95): SiteController->renderInternal()
#6 C:\xampp\htdocs\Vidriluz\yii-1.1.13.e9e4a0\framework\web\widgets\CContentDecorator.php(76): SiteController->renderFile()
#7 C:\xampp\htdocs\Vidriluz\yii-1.1.13.e9e4a0\framework\web\widgets\CContentDecorator.php(54): CContentDecorator->decorate()
#8 C:\xampp\htdocs\Vidriluz\yii-1.1.13.e9e4a0\framework\web\widgets\COutputProcessor.php(44): CContentDecorator->processOutput()
#9 C:\xampp\htdocs\Vidriluz\yii-1.1.13.e9e4a0\framework\web\CBaseController.php(206): CContentDecorator->run()
#10 C:\xampp\htdocs\Vidriluz\yii-1.1.13.e9e4a0\framework\web\CBaseController.php(300): SiteController->endWidget()
#11 C:\xampp\htdocs\Vidriluz\site\protected\views\layouts\column1.php(6): SiteController->endContent()
#12 C:\xampp\htdocs\Vidriluz\yii-1.1.13.e9e4a0\framework\web\CBaseController.php(126): require()
#13 C:\xampp\htdocs\Vidriluz\yii-1.1.13.e9e4a0\framework\web\CBaseController.php(95): SiteController->renderInternal()
#14 C:\xampp\htdocs\Vidriluz\yii-1.1.13.e9e4a0\framework\web\CController.php(784): SiteController->renderFile()
#15 C:\xampp\htdocs\Vidriluz\site\protected\controllers\SiteController.php(32): SiteController->render()
#16 C:\xampp\htdocs\Vidriluz\yii-1.1.13.e9e4a0\framework\web\actions\CInlineAction.php(49): SiteController->actionIndex()
#17 C:\xampp\htdocs\Vidriluz\yii-1.1.13.e9e4a0\framework\web\CController.php(308): CInlineAction->runWithParams()
#18 C:\xampp\htdocs\Vidriluz\yii-1.1.13.e9e4a0\framework\web\CController.php(286): SiteController->runAction()
#19 C:\xampp\htdocs\Vidriluz\yii-1.1.13.e9e4a0\framework\web\CController.php(265): SiteController->runActionWithFilters()
#20 C:\xampp\htdocs\Vidriluz\yii-1.1.13.e9e4a0\framework\web\CWebApplication.php(282): SiteController->run()
#21 C:\xampp\htdocs\Vidriluz\yii-1.1.13.e9e4a0\framework\web\CWebApplication.php(141): CWebApplication->runController()
#22 C:\xampp\htdocs\Vidriluz\yii-1.1.13.e9e4a0\framework\base\CApplication.php(169): CWebApplication->processRequest()
#23 C:\xampp\htdocs\Vidriluz\site\index.php(13): CWebApplication->run()
REQUEST_URI=/Vidriluz/site/index.php
in C:\xampp\htdocs\Vidriluz\site\protected\views\layouts\main.php (50)
in C:\xampp\htdocs\Vidriluz\site\protected\views\layouts\column1.php (6)
in C:\xampp\htdocs\Vidriluz\site\protected\controllers\SiteController.php (32)
2013/02/09 23:11:00 [error] [php] include(CssMenu.php): failed to open stream: No such file or directory (C:\xampp\htdocs\Vidriluz\yii-1.1.13.e9e4a0\framework\YiiBase.php:421)
Stack trace:
#0 C:\xampp\htdocs\Vidriluz\yii-1.1.13.e9e4a0\framework\web\CWidgetFactory.php(147): spl_autoload_call()
#1 C:\xampp\htdocs\Vidriluz\yii-1.1.13.e9e4a0\framework\web\CBaseController.php(146): CWidgetFactory->createWidget()
#2 C:\xampp\htdocs\Vidriluz\yii-1.1.13.e9e4a0\framework\web\CBaseController.php(172): SiteController->createWidget()
#3 C:\xampp\htdocs\Vidriluz\site\protected\views\layouts\main.php(50): SiteController->widget()
#4 C:\xampp\htdocs\Vidriluz\yii-1.1.13.e9e4a0\framework\web\CBaseController.php(126): require()
#5 C:\xampp\htdocs\Vidriluz\yii-1.1.13.e9e4a0\framework\web\CBaseController.php(95): SiteController->renderInternal()
#6 C:\xampp\htdocs\Vidriluz\yii-1.1.13.e9e4a0\framework\web\widgets\CContentDecorator.php(76): SiteController->renderFile()
#7 C:\xampp\htdocs\Vidriluz\yii-1.1.13.e9e4a0\framework\web\widgets\CContentDecorator.php(54): CContentDecorator->decorate()
#8 C:\xampp\htdocs\Vidriluz\yii-1.1.13.e9e4a0\framework\web\widgets\COutputProcessor.php(44): CContentDecorator->processOutput()
#9 C:\xampp\htdocs\Vidriluz\yii-1.1.13.e9e4a0\framework\web\CBaseController.php(206): CContentDecorator->run()
#10 C:\xampp\htdocs\Vidriluz\yii-1.1.13.e9e4a0\framework\web\CBaseController.php(300): SiteController->endWidget()
#11 C:\xampp\htdocs\Vidriluz\site\protected\views\layouts\column1.php(6): SiteController->endContent()
#12 C:\xampp\htdocs\Vidriluz\yii-1.1.13.e9e4a0\framework\web\CBaseController.php(126): require()
#13 C:\xampp\htdocs\Vidriluz\yii-1.1.13.e9e4a0\framework\web\CBaseController.php(95): SiteController->renderInternal()
#14 C:\xampp\htdocs\Vidriluz\yii-1.1.13.e9e4a0\framework\web\CController.php(784): SiteController->renderFile()
#15 C:\xampp\htdocs\Vidriluz\site\protected\controllers\SiteController.php(32): SiteController->render()
#16 C:\xampp\htdocs\Vidriluz\yii-1.1.13.e9e4a0\framework\web\actions\CInlineAction.php(49): SiteController->actionIndex()
#17 C:\xampp\htdocs\Vidriluz\yii-1.1.13.e9e4a0\framework\web\CController.php(308): CInlineAction->runWithParams()
#18 C:\xampp\htdocs\Vidriluz\yii-1.1.13.e9e4a0\framework\web\CController.php(286): SiteController->runAction()
#19 C:\xampp\htdocs\Vidriluz\yii-1.1.13.e9e4a0\framework\web\CController.php(265): SiteController->runActionWithFilters()
#20 C:\xampp\htdocs\Vidriluz\yii-1.1.13.e9e4a0\framework\web\CWebApplication.php(282): SiteController->run()
#21 C:\xampp\htdocs\Vidriluz\yii-1.1.13.e9e4a0\framework\web\CWebApplication.php(141): CWebApplication->runController()
#22 C:\xampp\htdocs\Vidriluz\yii-1.1.13.e9e4a0\framework\base\CApplication.php(169): CWebApplication->processRequest()
#23 C:\xampp\htdocs\Vidriluz\site\index.php(13): CWebApplication->run()
REQUEST_URI=/Vidriluz/site/index.php
in C:\xampp\htdocs\Vidriluz\site\protected\views\layouts\main.php (50)
in C:\xampp\htdocs\Vidriluz\site\protected\views\layouts\column1.php (6)
in C:\xampp\htdocs\Vidriluz\site\protected\controllers\SiteController.php (32)
2013/02/09 23:12:14 [error] [php] include(CssMenu.php): failed to open stream: No such file or directory (C:\xampp\htdocs\Vidriluz\yii-1.1.13.e9e4a0\framework\YiiBase.php:421)
Stack trace:
#0 C:\xampp\htdocs\Vidriluz\yii-1.1.13.e9e4a0\framework\web\CWidgetFactory.php(147): spl_autoload_call()
#1 C:\xampp\htdocs\Vidriluz\yii-1.1.13.e9e4a0\framework\web\CBaseController.php(146): CWidgetFactory->createWidget()
#2 C:\xampp\htdocs\Vidriluz\yii-1.1.13.e9e4a0\framework\web\CBaseController.php(172): SiteController->createWidget()
#3 C:\xampp\htdocs\Vidriluz\site\protected\views\layouts\main.php(50): SiteController->widget()
#4 C:\xampp\htdocs\Vidriluz\yii-1.1.13.e9e4a0\framework\web\CBaseController.php(126): require()
#5 C:\xampp\htdocs\Vidriluz\yii-1.1.13.e9e4a0\framework\web\CBaseController.php(95): SiteController->renderInternal()
#6 C:\xampp\htdocs\Vidriluz\yii-1.1.13.e9e4a0\framework\web\widgets\CContentDecorator.php(76): SiteController->renderFile()
#7 C:\xampp\htdocs\Vidriluz\yii-1.1.13.e9e4a0\framework\web\widgets\CContentDecorator.php(54): CContentDecorator->decorate()
#8 C:\xampp\htdocs\Vidriluz\yii-1.1.13.e9e4a0\framework\web\widgets\COutputProcessor.php(44): CContentDecorator->processOutput()
#9 C:\xampp\htdocs\Vidriluz\yii-1.1.13.e9e4a0\framework\web\CBaseController.php(206): CContentDecorator->run()
#10 C:\xampp\htdocs\Vidriluz\yii-1.1.13.e9e4a0\framework\web\CBaseController.php(300): SiteController->endWidget()
#11 C:\xampp\htdocs\Vidriluz\site\protected\views\layouts\column1.php(6): SiteController->endContent()
#12 C:\xampp\htdocs\Vidriluz\yii-1.1.13.e9e4a0\framework\web\CBaseController.php(126): require()
#13 C:\xampp\htdocs\Vidriluz\yii-1.1.13.e9e4a0\framework\web\CBaseController.php(95): SiteController->renderInternal()
#14 C:\xampp\htdocs\Vidriluz\yii-1.1.13.e9e4a0\framework\web\CController.php(784): SiteController->renderFile()
#15 C:\xampp\htdocs\Vidriluz\site\protected\controllers\SiteController.php(32): SiteController->render()
#16 C:\xampp\htdocs\Vidriluz\yii-1.1.13.e9e4a0\framework\web\actions\CInlineAction.php(49): SiteController->actionIndex()
#17 C:\xampp\htdocs\Vidriluz\yii-1.1.13.e9e4a0\framework\web\CController.php(308): CInlineAction->runWithParams()
#18 C:\xampp\htdocs\Vidriluz\yii-1.1.13.e9e4a0\framework\web\CController.php(286): SiteController->runAction()
#19 C:\xampp\htdocs\Vidriluz\yii-1.1.13.e9e4a0\framework\web\CController.php(265): SiteController->runActionWithFilters()
#20 C:\xampp\htdocs\Vidriluz\yii-1.1.13.e9e4a0\framework\web\CWebApplication.php(282): SiteController->run()
#21 C:\xampp\htdocs\Vidriluz\yii-1.1.13.e9e4a0\framework\web\CWebApplication.php(141): CWebApplication->runController()
#22 C:\xampp\htdocs\Vidriluz\yii-1.1.13.e9e4a0\framework\base\CApplication.php(169): CWebApplication->processRequest()
#23 C:\xampp\htdocs\Vidriluz\site\index.php(13): CWebApplication->run()
REQUEST_URI=/Vidriluz/site/index.php
in C:\xampp\htdocs\Vidriluz\site\protected\views\layouts\main.php (50)
in C:\xampp\htdocs\Vidriluz\site\protected\views\layouts\column1.php (6)
in C:\xampp\htdocs\Vidriluz\site\protected\controllers\SiteController.php (32)
2013/02/09 23:12:15 [error] [php] include(CssMenu.php): failed to open stream: No such file or directory (C:\xampp\htdocs\Vidriluz\yii-1.1.13.e9e4a0\framework\YiiBase.php:421)
Stack trace:
#0 C:\xampp\htdocs\Vidriluz\yii-1.1.13.e9e4a0\framework\web\CWidgetFactory.php(147): spl_autoload_call()
#1 C:\xampp\htdocs\Vidriluz\yii-1.1.13.e9e4a0\framework\web\CBaseController.php(146): CWidgetFactory->createWidget()
#2 C:\xampp\htdocs\Vidriluz\yii-1.1.13.e9e4a0\framework\web\CBaseController.php(172): SiteController->createWidget()
#3 C:\xampp\htdocs\Vidriluz\site\protected\views\layouts\main.php(50): SiteController->widget()
#4 C:\xampp\htdocs\Vidriluz\yii-1.1.13.e9e4a0\framework\web\CBaseController.php(126): require()
#5 C:\xampp\htdocs\Vidriluz\yii-1.1.13.e9e4a0\framework\web\CBaseController.php(95): SiteController->renderInternal()
#6 C:\xampp\htdocs\Vidriluz\yii-1.1.13.e9e4a0\framework\web\widgets\CContentDecorator.php(76): SiteController->renderFile()
#7 C:\xampp\htdocs\Vidriluz\yii-1.1.13.e9e4a0\framework\web\widgets\CContentDecorator.php(54): CContentDecorator->decorate()
#8 C:\xampp\htdocs\Vidriluz\yii-1.1.13.e9e4a0\framework\web\widgets\COutputProcessor.php(44): CContentDecorator->processOutput()
#9 C:\xampp\htdocs\Vidriluz\yii-1.1.13.e9e4a0\framework\web\CBaseController.php(206): CContentDecorator->run()
#10 C:\xampp\htdocs\Vidriluz\yii-1.1.13.e9e4a0\framework\web\CBaseController.php(300): SiteController->endWidget()
#11 C:\xampp\htdocs\Vidriluz\site\protected\views\layouts\column1.php(6): SiteController->endContent()
#12 C:\xampp\htdocs\Vidriluz\yii-1.1.13.e9e4a0\framework\web\CBaseController.php(126): require()
#13 C:\xampp\htdocs\Vidriluz\yii-1.1.13.e9e4a0\framework\web\CBaseController.php(95): SiteController->renderInternal()
#14 C:\xampp\htdocs\Vidriluz\yii-1.1.13.e9e4a0\framework\web\CController.php(784): SiteController->renderFile()
#15 C:\xampp\htdocs\Vidriluz\site\protected\controllers\SiteController.php(32): SiteController->render()
#16 C:\xampp\htdocs\Vidriluz\yii-1.1.13.e9e4a0\framework\web\actions\CInlineAction.php(49): SiteController->actionIndex()
#17 C:\xampp\htdocs\Vidriluz\yii-1.1.13.e9e4a0\framework\web\CController.php(308): CInlineAction->runWithParams()
#18 C:\xampp\htdocs\Vidriluz\yii-1.1.13.e9e4a0\framework\web\CController.php(286): SiteController->runAction()
#19 C:\xampp\htdocs\Vidriluz\yii-1.1.13.e9e4a0\framework\web\CController.php(265): SiteController->runActionWithFilters()
#20 C:\xampp\htdocs\Vidriluz\yii-1.1.13.e9e4a0\framework\web\CWebApplication.php(282): SiteController->run()
#21 C:\xampp\htdocs\Vidriluz\yii-1.1.13.e9e4a0\framework\web\CWebApplication.php(141): CWebApplication->runController()
#22 C:\xampp\htdocs\Vidriluz\yii-1.1.13.e9e4a0\framework\base\CApplication.php(169): CWebApplication->processRequest()
#23 C:\xampp\htdocs\Vidriluz\site\index.php(13): CWebApplication->run()
REQUEST_URI=/Vidriluz/site/index.php
in C:\xampp\htdocs\Vidriluz\site\protected\views\layouts\main.php (50)
in C:\xampp\htdocs\Vidriluz\site\protected\views\layouts\column1.php (6)
in C:\xampp\htdocs\Vidriluz\site\protected\controllers\SiteController.php (32)
2013/02/09 23:12:16 [error] [php] include(CssMenu.php): failed to open stream: No such file or directory (C:\xampp\htdocs\Vidriluz\yii-1.1.13.e9e4a0\framework\YiiBase.php:421)
Stack trace:
#0 C:\xampp\htdocs\Vidriluz\yii-1.1.13.e9e4a0\framework\web\CWidgetFactory.php(147): spl_autoload_call()
#1 C:\xampp\htdocs\Vidriluz\yii-1.1.13.e9e4a0\framework\web\CBaseController.php(146): CWidgetFactory->createWidget()
#2 C:\xampp\htdocs\Vidriluz\yii-1.1.13.e9e4a0\framework\web\CBaseController.php(172): SiteController->createWidget()
#3 C:\xampp\htdocs\Vidriluz\site\protected\views\layouts\main.php(50): SiteController->widget()
#4 C:\xampp\htdocs\Vidriluz\yii-1.1.13.e9e4a0\framework\web\CBaseController.php(126): require()
#5 C:\xampp\htdocs\Vidriluz\yii-1.1.13.e9e4a0\framework\web\CBaseController.php(95): SiteController->renderInternal()
#6 C:\xampp\htdocs\Vidriluz\yii-1.1.13.e9e4a0\framework\web\widgets\CContentDecorator.php(76): SiteController->renderFile()
#7 C:\xampp\htdocs\Vidriluz\yii-1.1.13.e9e4a0\framework\web\widgets\CContentDecorator.php(54): CContentDecorator->decorate()
#8 C:\xampp\htdocs\Vidriluz\yii-1.1.13.e9e4a0\framework\web\widgets\COutputProcessor.php(44): CContentDecorator->processOutput()
#9 C:\xampp\htdocs\Vidriluz\yii-1.1.13.e9e4a0\framework\web\CBaseController.php(206): CContentDecorator->run()
#10 C:\xampp\htdocs\Vidriluz\yii-1.1.13.e9e4a0\framework\web\CBaseController.php(300): SiteController->endWidget()
#11 C:\xampp\htdocs\Vidriluz\site\protected\views\layouts\column1.php(6): SiteController->endContent()
#12 C:\xampp\htdocs\Vidriluz\yii-1.1.13.e9e4a0\framework\web\CBaseController.php(126): require()
#13 C:\xampp\htdocs\Vidriluz\yii-1.1.13.e9e4a0\framework\web\CBaseController.php(95): SiteController->renderInternal()
#14 C:\xampp\htdocs\Vidriluz\yii-1.1.13.e9e4a0\framework\web\CController.php(784): SiteController->renderFile()
#15 C:\xampp\htdocs\Vidriluz\site\protected\controllers\SiteController.php(32): SiteController->render()
#16 C:\xampp\htdocs\Vidriluz\yii-1.1.13.e9e4a0\framework\web\actions\CInlineAction.php(49): SiteController->actionIndex()
#17 C:\xampp\htdocs\Vidriluz\yii-1.1.13.e9e4a0\framework\web\CController.php(308): CInlineAction->runWithParams()
#18 C:\xampp\htdocs\Vidriluz\yii-1.1.13.e9e4a0\framework\web\CController.php(286): SiteController->runAction()
#19 C:\xampp\htdocs\Vidriluz\yii-1.1.13.e9e4a0\framework\web\CController.php(265): SiteController->runActionWithFilters()
#20 C:\xampp\htdocs\Vidriluz\yii-1.1.13.e9e4a0\framework\web\CWebApplication.php(282): SiteController->run()
#21 C:\xampp\htdocs\Vidriluz\yii-1.1.13.e9e4a0\framework\web\CWebApplication.php(141): CWebApplication->runController()
#22 C:\xampp\htdocs\Vidriluz\yii-1.1.13.e9e4a0\framework\base\CApplication.php(169): CWebApplication->processRequest()
#23 C:\xampp\htdocs\Vidriluz\site\index.php(13): CWebApplication->run()
REQUEST_URI=/Vidriluz/site/index.php
in C:\xampp\htdocs\Vidriluz\site\protected\views\layouts\main.php (50)
in C:\xampp\htdocs\Vidriluz\site\protected\views\layouts\column1.php (6)
in C:\xampp\htdocs\Vidriluz\site\protected\controllers\SiteController.php (32)
2013/02/09 23:13:00 [error] [exception.CException] exception 'CException' with message 'Alias "application.extensions.CssMenu" is invalid. Make sure it points to an existing PHP file and the file is readable.' in C:\xampp\htdocs\Vidriluz\yii-1.1.13.e9e4a0\framework\YiiBase.php:316
Stack trace:
#0 C:\xampp\htdocs\Vidriluz\yii-1.1.13.e9e4a0\framework\web\CWidgetFactory.php(146): YiiBase::import('application.ext...', true)
#1 C:\xampp\htdocs\Vidriluz\yii-1.1.13.e9e4a0\framework\web\CBaseController.php(146): CWidgetFactory->createWidget(Object(SiteController), 'application.ext...', Array)
#2 C:\xampp\htdocs\Vidriluz\yii-1.1.13.e9e4a0\framework\web\CBaseController.php(172): CBaseController->createWidget('application.ext...', Array)
#3 C:\xampp\htdocs\Vidriluz\site\protected\views\layouts\main.php(50): CBaseController->widget('application.ext...', Array)
#4 C:\xampp\htdocs\Vidriluz\yii-1.1.13.e9e4a0\framework\web\CBaseController.php(126): require('C:\xampp\htdocs...')
#5 C:\xampp\htdocs\Vidriluz\yii-1.1.13.e9e4a0\framework\web\CBaseController.php(95): CBaseController->renderInternal('C:\xampp\htdocs...', Array, true)
#6 C:\xampp\htdocs\Vidriluz\yii-1.1.13.e9e4a0\framework\web\widgets\CContentDecorator.php(76): CBaseController->renderFile('C:\xampp\htdocs...', Array, true)
#7 C:\xampp\htdocs\Vidriluz\yii-1.1.13.e9e4a0\framework\web\widgets\CContentDecorator.php(54): CContentDecorator->decorate('<div id="conten...')
#8 C:\xampp\htdocs\Vidriluz\yii-1.1.13.e9e4a0\framework\web\widgets\COutputProcessor.php(44): CContentDecorator->processOutput('<div id="conten...')
#9 C:\xampp\htdocs\Vidriluz\yii-1.1.13.e9e4a0\framework\web\CBaseController.php(206): COutputProcessor->run()
#10 C:\xampp\htdocs\Vidriluz\yii-1.1.13.e9e4a0\framework\web\CBaseController.php(300): CBaseController->endWidget('CContentDecorat...')
#11 C:\xampp\htdocs\Vidriluz\site\protected\views\layouts\column1.php(6): CBaseController->endContent()
#12 C:\xampp\htdocs\Vidriluz\yii-1.1.13.e9e4a0\framework\web\CBaseController.php(126): require('C:\xampp\htdocs...')
#13 C:\xampp\htdocs\Vidriluz\yii-1.1.13.e9e4a0\framework\web\CBaseController.php(95): CBaseController->renderInternal('C:\xampp\htdocs...', Array, true)
#14 C:\xampp\htdocs\Vidriluz\yii-1.1.13.e9e4a0\framework\web\CController.php(784): CBaseController->renderFile('C:\xampp\htdocs...', Array, true)
#15 C:\xampp\htdocs\Vidriluz\site\protected\controllers\SiteController.php(32): CController->render('index')
#16 C:\xampp\htdocs\Vidriluz\yii-1.1.13.e9e4a0\framework\web\actions\CInlineAction.php(49): SiteController->actionIndex()
#17 C:\xampp\htdocs\Vidriluz\yii-1.1.13.e9e4a0\framework\web\CController.php(308): CInlineAction->runWithParams(Array)
#18 C:\xampp\htdocs\Vidriluz\yii-1.1.13.e9e4a0\framework\web\CController.php(286): CController->runAction(Object(CInlineAction))
#19 C:\xampp\htdocs\Vidriluz\yii-1.1.13.e9e4a0\framework\web\CController.php(265): CController->runActionWithFilters(Object(CInlineAction), Array)
#20 C:\xampp\htdocs\Vidriluz\yii-1.1.13.e9e4a0\framework\web\CWebApplication.php(282): CController->run('')
#21 C:\xampp\htdocs\Vidriluz\yii-1.1.13.e9e4a0\framework\web\CWebApplication.php(141): CWebApplication->runController('')
#22 C:\xampp\htdocs\Vidriluz\yii-1.1.13.e9e4a0\framework\base\CApplication.php(169): CWebApplication->processRequest()
#23 C:\xampp\htdocs\Vidriluz\site\index.php(13): CApplication->run()
#24 {main}
REQUEST_URI=/Vidriluz/site/index.php
HTTP_REFERER=http://localhost/Vidriluz/site/index.php/encomendalinha
---
2013/02/09 23:13:15 [error] [php] include(CssMenu.php): failed to open stream: No such file or directory (C:\xampp\htdocs\Vidriluz\yii-1.1.13.e9e4a0\framework\YiiBase.php:421)
Stack trace:
#0 C:\xampp\htdocs\Vidriluz\yii-1.1.13.e9e4a0\framework\web\CWidgetFactory.php(147): spl_autoload_call()
#1 C:\xampp\htdocs\Vidriluz\yii-1.1.13.e9e4a0\framework\web\CBaseController.php(146): CWidgetFactory->createWidget()
#2 C:\xampp\htdocs\Vidriluz\yii-1.1.13.e9e4a0\framework\web\CBaseController.php(172): SiteController->createWidget()
#3 C:\xampp\htdocs\Vidriluz\site\protected\views\layouts\main.php(50): SiteController->widget()
#4 C:\xampp\htdocs\Vidriluz\yii-1.1.13.e9e4a0\framework\web\CBaseController.php(126): require()
#5 C:\xampp\htdocs\Vidriluz\yii-1.1.13.e9e4a0\framework\web\CBaseController.php(95): SiteController->renderInternal()
#6 C:\xampp\htdocs\Vidriluz\yii-1.1.13.e9e4a0\framework\web\widgets\CContentDecorator.php(76): SiteController->renderFile()
#7 C:\xampp\htdocs\Vidriluz\yii-1.1.13.e9e4a0\framework\web\widgets\CContentDecorator.php(54): CContentDecorator->decorate()
#8 C:\xampp\htdocs\Vidriluz\yii-1.1.13.e9e4a0\framework\web\widgets\COutputProcessor.php(44): CContentDecorator->processOutput()
#9 C:\xampp\htdocs\Vidriluz\yii-1.1.13.e9e4a0\framework\web\CBaseController.php(206): CContentDecorator->run()
#10 C:\xampp\htdocs\Vidriluz\yii-1.1.13.e9e4a0\framework\web\CBaseController.php(300): SiteController->endWidget()
#11 C:\xampp\htdocs\Vidriluz\site\protected\views\layouts\column1.php(6): SiteController->endContent()
#12 C:\xampp\htdocs\Vidriluz\yii-1.1.13.e9e4a0\framework\web\CBaseController.php(126): require()
#13 C:\xampp\htdocs\Vidriluz\yii-1.1.13.e9e4a0\framework\web\CBaseController.php(95): SiteController->renderInternal()
#14 C:\xampp\htdocs\Vidriluz\yii-1.1.13.e9e4a0\framework\web\CController.php(784): SiteController->renderFile()
#15 C:\xampp\htdocs\Vidriluz\site\protected\controllers\SiteController.php(32): SiteController->render()
#16 C:\xampp\htdocs\Vidriluz\yii-1.1.13.e9e4a0\framework\web\actions\CInlineAction.php(49): SiteController->actionIndex()
#17 C:\xampp\htdocs\Vidriluz\yii-1.1.13.e9e4a0\framework\web\CController.php(308): CInlineAction->runWithParams()
#18 C:\xampp\htdocs\Vidriluz\yii-1.1.13.e9e4a0\framework\web\CController.php(286): SiteController->runAction()
#19 C:\xampp\htdocs\Vidriluz\yii-1.1.13.e9e4a0\framework\web\CController.php(265): SiteController->runActionWithFilters()
#20 C:\xampp\htdocs\Vidriluz\yii-1.1.13.e9e4a0\framework\web\CWebApplication.php(282): SiteController->run()
#21 C:\xampp\htdocs\Vidriluz\yii-1.1.13.e9e4a0\framework\web\CWebApplication.php(141): CWebApplication->runController()
#22 C:\xampp\htdocs\Vidriluz\yii-1.1.13.e9e4a0\framework\base\CApplication.php(169): CWebApplication->processRequest()
#23 C:\xampp\htdocs\Vidriluz\site\index.php(13): CWebApplication->run()
REQUEST_URI=/Vidriluz/site/index.php
in C:\xampp\htdocs\Vidriluz\site\protected\views\layouts\main.php (50)
in C:\xampp\htdocs\Vidriluz\site\protected\views\layouts\column1.php (6)
in C:\xampp\htdocs\Vidriluz\site\protected\controllers\SiteController.php (32)
2013/02/09 23:15:38 [error] [exception.CException] exception 'CException' with message 'Alias "application.extensions.cssmenu.CssMenu" is invalid. Make sure it points to an existing PHP file and the file is readable.' in C:\xampp\htdocs\Vidriluz\yii-1.1.13.e9e4a0\framework\YiiBase.php:316
Stack trace:
#0 C:\xampp\htdocs\Vidriluz\yii-1.1.13.e9e4a0\framework\web\CWidgetFactory.php(146): YiiBase::import('application.ext...', true)
#1 C:\xampp\htdocs\Vidriluz\yii-1.1.13.e9e4a0\framework\web\CBaseController.php(146): CWidgetFactory->createWidget(Object(SiteController), 'application.ext...', Array)
#2 C:\xampp\htdocs\Vidriluz\yii-1.1.13.e9e4a0\framework\web\CBaseController.php(172): CBaseController->createWidget('application.ext...', Array)
#3 C:\xampp\htdocs\Vidriluz\site\protected\views\layouts\main.php(50): CBaseController->widget('application.ext...', Array)
#4 C:\xampp\htdocs\Vidriluz\yii-1.1.13.e9e4a0\framework\web\CBaseController.php(126): require('C:\xampp\htdocs...')
#5 C:\xampp\htdocs\Vidriluz\yii-1.1.13.e9e4a0\framework\web\CBaseController.php(95): CBaseController->renderInternal('C:\xampp\htdocs...', Array, true)
#6 C:\xampp\htdocs\Vidriluz\yii-1.1.13.e9e4a0\framework\web\widgets\CContentDecorator.php(76): CBaseController->renderFile('C:\xampp\htdocs...', Array, true)
#7 C:\xampp\htdocs\Vidriluz\yii-1.1.13.e9e4a0\framework\web\widgets\CContentDecorator.php(54): CContentDecorator->decorate('<div id="conten...')
#8 C:\xampp\htdocs\Vidriluz\yii-1.1.13.e9e4a0\framework\web\widgets\COutputProcessor.php(44): CContentDecorator->processOutput('<div id="conten...')
#9 C:\xampp\htdocs\Vidriluz\yii-1.1.13.e9e4a0\framework\web\CBaseController.php(206): COutputProcessor->run()
#10 C:\xampp\htdocs\Vidriluz\yii-1.1.13.e9e4a0\framework\web\CBaseController.php(300): CBaseController->endWidget('CContentDecorat...')
#11 C:\xampp\htdocs\Vidriluz\site\protected\views\layouts\column1.php(6): CBaseController->endContent()
#12 C:\xampp\htdocs\Vidriluz\yii-1.1.13.e9e4a0\framework\web\CBaseController.php(126): require('C:\xampp\htdocs...')
#13 C:\xampp\htdocs\Vidriluz\yii-1.1.13.e9e4a0\framework\web\CBaseController.php(95): CBaseController->renderInternal('C:\xampp\htdocs...', Array, true)
#14 C:\xampp\htdocs\Vidriluz\yii-1.1.13.e9e4a0\framework\web\CController.php(784): CBaseController->renderFile('C:\xampp\htdocs...', Array, true)
#15 C:\xampp\htdocs\Vidriluz\site\protected\controllers\SiteController.php(32): CController->render('index')
#16 C:\xampp\htdocs\Vidriluz\yii-1.1.13.e9e4a0\framework\web\actions\CInlineAction.php(49): SiteController->actionIndex()
#17 C:\xampp\htdocs\Vidriluz\yii-1.1.13.e9e4a0\framework\web\CController.php(308): CInlineAction->runWithParams(Array)
#18 C:\xampp\htdocs\Vidriluz\yii-1.1.13.e9e4a0\framework\web\CController.php(286): CController->runAction(Object(CInlineAction))
#19 C:\xampp\htdocs\Vidriluz\yii-1.1.13.e9e4a0\framework\web\CController.php(265): CController->runActionWithFilters(Object(CInlineAction), Array)
#20 C:\xampp\htdocs\Vidriluz\yii-1.1.13.e9e4a0\framework\web\CWebApplication.php(282): CController->run('')
#21 C:\xampp\htdocs\Vidriluz\yii-1.1.13.e9e4a0\framework\web\CWebApplication.php(141): CWebApplication->runController('')
#22 C:\xampp\htdocs\Vidriluz\yii-1.1.13.e9e4a0\framework\base\CApplication.php(169): CWebApplication->processRequest()
#23 C:\xampp\htdocs\Vidriluz\site\index.php(13): CApplication->run()
#24 {main}
REQUEST_URI=/Vidriluz/site/index.php
HTTP_REFERER=http://localhost/Vidriluz/site/index.php/encomendalinha
---
2013/02/09 23:16:43 [error] [php] include(CssMenu.php): failed to open stream: No such file or directory (C:\xampp\htdocs\Vidriluz\yii-1.1.13.e9e4a0\framework\YiiBase.php:421)
Stack trace:
#0 C:\xampp\htdocs\Vidriluz\yii-1.1.13.e9e4a0\framework\web\CWidgetFactory.php(147): spl_autoload_call()
#1 C:\xampp\htdocs\Vidriluz\yii-1.1.13.e9e4a0\framework\web\CBaseController.php(146): CWidgetFactory->createWidget()
#2 C:\xampp\htdocs\Vidriluz\yii-1.1.13.e9e4a0\framework\web\CBaseController.php(172): SiteController->createWidget()
#3 C:\xampp\htdocs\Vidriluz\site\protected\views\layouts\main.php(50): SiteController->widget()
#4 C:\xampp\htdocs\Vidriluz\yii-1.1.13.e9e4a0\framework\web\CBaseController.php(126): require()
#5 C:\xampp\htdocs\Vidriluz\yii-1.1.13.e9e4a0\framework\web\CBaseController.php(95): SiteController->renderInternal()
#6 C:\xampp\htdocs\Vidriluz\yii-1.1.13.e9e4a0\framework\web\widgets\CContentDecorator.php(76): SiteController->renderFile()
#7 C:\xampp\htdocs\Vidriluz\yii-1.1.13.e9e4a0\framework\web\widgets\CContentDecorator.php(54): CContentDecorator->decorate()
#8 C:\xampp\htdocs\Vidriluz\yii-1.1.13.e9e4a0\framework\web\widgets\COutputProcessor.php(44): CContentDecorator->processOutput()
#9 C:\xampp\htdocs\Vidriluz\yii-1.1.13.e9e4a0\framework\web\CBaseController.php(206): CContentDecorator->run()
#10 C:\xampp\htdocs\Vidriluz\yii-1.1.13.e9e4a0\framework\web\CBaseController.php(300): SiteController->endWidget()
#11 C:\xampp\htdocs\Vidriluz\site\protected\views\layouts\column1.php(6): SiteController->endContent()
#12 C:\xampp\htdocs\Vidriluz\yii-1.1.13.e9e4a0\framework\web\CBaseController.php(126): require()
#13 C:\xampp\htdocs\Vidriluz\yii-1.1.13.e9e4a0\framework\web\CBaseController.php(95): SiteController->renderInternal()
#14 C:\xampp\htdocs\Vidriluz\yii-1.1.13.e9e4a0\framework\web\CController.php(784): SiteController->renderFile()
#15 C:\xampp\htdocs\Vidriluz\site\protected\controllers\SiteController.php(32): SiteController->render()
#16 C:\xampp\htdocs\Vidriluz\yii-1.1.13.e9e4a0\framework\web\actions\CInlineAction.php(49): SiteController->actionIndex()
#17 C:\xampp\htdocs\Vidriluz\yii-1.1.13.e9e4a0\framework\web\CController.php(308): CInlineAction->runWithParams()
#18 C:\xampp\htdocs\Vidriluz\yii-1.1.13.e9e4a0\framework\web\CController.php(286): SiteController->runAction()
#19 C:\xampp\htdocs\Vidriluz\yii-1.1.13.e9e4a0\framework\web\CController.php(265): SiteController->runActionWithFilters()
#20 C:\xampp\htdocs\Vidriluz\yii-1.1.13.e9e4a0\framework\web\CWebApplication.php(282): SiteController->run()
#21 C:\xampp\htdocs\Vidriluz\yii-1.1.13.e9e4a0\framework\web\CWebApplication.php(141): CWebApplication->runController()
#22 C:\xampp\htdocs\Vidriluz\yii-1.1.13.e9e4a0\framework\base\CApplication.php(169): CWebApplication->processRequest()
#23 C:\xampp\htdocs\Vidriluz\site\index.php(13): CWebApplication->run()
REQUEST_URI=/Vidriluz/site/index.php
in C:\xampp\htdocs\Vidriluz\site\protected\views\layouts\main.php (50)
in C:\xampp\htdocs\Vidriluz\site\protected\views\layouts\column1.php (6)
in C:\xampp\htdocs\Vidriluz\site\protected\controllers\SiteController.php (32)
2013/02/09 23:24:19 [error] [exception.CHttpException.404] exception 'CHttpException' with message 'Unable to resolve the request "Exhibitions/index".' in C:\xampp\htdocs\Vidriluz\yii-1.1.13.e9e4a0\framework\web\CWebApplication.php:286
Stack trace:
#0 C:\xampp\htdocs\Vidriluz\yii-1.1.13.e9e4a0\framework\web\CWebApplication.php(141): CWebApplication->runController('Exhibitions/ind...')
#1 C:\xampp\htdocs\Vidriluz\yii-1.1.13.e9e4a0\framework\base\CApplication.php(169): CWebApplication->processRequest()
#2 C:\xampp\htdocs\Vidriluz\site\index.php(13): CApplication->run()
#3 {main}
REQUEST_URI=/Vidriluz/site/index.php/Exhibitions/index
HTTP_REFERER=http://localhost/Vidriluz/site/index.php/site/contact
---
2013/02/09 23:24:24 [error] [exception.CHttpException.404] exception 'CHttpException' with message 'Unable to resolve the request "object_Work_Records/index".' in C:\xampp\htdocs\Vidriluz\yii-1.1.13.e9e4a0\framework\web\CWebApplication.php:286
Stack trace:
#0 C:\xampp\htdocs\Vidriluz\yii-1.1.13.e9e4a0\framework\web\CWebApplication.php(141): CWebApplication->runController('object_Work_Rec...')
#1 C:\xampp\htdocs\Vidriluz\yii-1.1.13.e9e4a0\framework\base\CApplication.php(169): CWebApplication->processRequest()
#2 C:\xampp\htdocs\Vidriluz\site\index.php(13): CApplication->run()
#3 {main}
REQUEST_URI=/Vidriluz/site/index.php/object_Work_Records/index
HTTP_REFERER=http://localhost/Vidriluz/site/index.php/site/contact
---
2013/02/09 23:54:07 [error] [exception.CHttpException.404] exception 'CHttpException' with message 'Unable to resolve the request "object_Work_Records/index".' in C:\xampp\htdocs\Vidriluz\yii-1.1.13.e9e4a0\framework\web\CWebApplication.php:286
Stack trace:
#0 C:\xampp\htdocs\Vidriluz\yii-1.1.13.e9e4a0\framework\web\CWebApplication.php(141): CWebApplication->runController('object_Work_Rec...')
#1 C:\xampp\htdocs\Vidriluz\yii-1.1.13.e9e4a0\framework\base\CApplication.php(169): CWebApplication->processRequest()
#2 C:\xampp\htdocs\Vidriluz\site\index.php(13): CApplication->run()
#3 {main}
REQUEST_URI=/Vidriluz/site/index.php/object_Work_Records/index
HTTP_REFERER=http://localhost/Vidriluz/site/index.php/site/index
---
2013/02/09 23:54:09 [error] [exception.CHttpException.404] exception 'CHttpException' with message 'Unable to resolve the request "produtos/index".' in C:\xampp\htdocs\Vidriluz\yii-1.1.13.e9e4a0\framework\web\CWebApplication.php:286
Stack trace:
#0 C:\xampp\htdocs\Vidriluz\yii-1.1.13.e9e4a0\framework\web\CWebApplication.php(141): CWebApplication->runController('produtos/index')
#1 C:\xampp\htdocs\Vidriluz\yii-1.1.13.e9e4a0\framework\base\CApplication.php(169): CWebApplication->processRequest()
#2 C:\xampp\htdocs\Vidriluz\site\index.php(13): CApplication->run()
#3 {main}
REQUEST_URI=/Vidriluz/site/index.php/produtos/index
HTTP_REFERER=http://localhost/Vidriluz/site/index.php/object_Work_Records/index
---
2013/02/09 23:59:04 [error] [exception.CHttpException.404] exception 'CHttpException' with message 'Unable to resolve the request "produtos/index".' in C:\xampp\htdocs\Vidriluz\yii-1.1.13.e9e4a0\framework\web\CWebApplication.php:286
Stack trace:
#0 C:\xampp\htdocs\Vidriluz\yii-1.1.13.e9e4a0\framework\web\CWebApplication.php(141): CWebApplication->runController('produtos/index')
#1 C:\xampp\htdocs\Vidriluz\yii-1.1.13.e9e4a0\framework\base\CApplication.php(169): CWebApplication->processRequest()
#2 C:\xampp\htdocs\Vidriluz\site\index.php(13): CApplication->run()
#3 {main}
REQUEST_URI=/Vidriluz/site/index.php/produtos/index
HTTP_REFERER=http://localhost/Vidriluz/site/index.php/object_Work_Records/index
---
2013/02/09 23:59:09 [error] [exception.CHttpException.404] exception 'CHttpException' with message 'Unable to resolve the request "produtos/index".' in C:\xampp\htdocs\Vidriluz\yii-1.1.13.e9e4a0\framework\web\CWebApplication.php:286
Stack trace:
#0 C:\xampp\htdocs\Vidriluz\yii-1.1.13.e9e4a0\framework\web\CWebApplication.php(141): CWebApplication->runController('produtos/index')
#1 C:\xampp\htdocs\Vidriluz\yii-1.1.13.e9e4a0\framework\base\CApplication.php(169): CWebApplication->processRequest()
#2 C:\xampp\htdocs\Vidriluz\site\index.php(13): CApplication->run()
#3 {main}
REQUEST_URI=/Vidriluz/site/index.php/produtos/index
HTTP_REFERER=http://localhost/Vidriluz/site/index.php/object_Work_Records/index
---
2013/02/10 00:26:06 [error] [exception.CHttpException.403] exception 'CHttpException' with message 'You are not authorized to perform this action.' in C:\xampp\htdocs\Vidriluz\yii-1.1.13.e9e4a0\framework\web\auth\CAccessControlFilter.php:179
Stack trace:
#0 C:\xampp\htdocs\Vidriluz\yii-1.1.13.e9e4a0\framework\web\auth\CAccessControlFilter.php(142): CAccessControlFilter->accessDenied(Object(WebUser), 'You are not aut...')
#1 C:\xampp\htdocs\Vidriluz\yii-1.1.13.e9e4a0\framework\web\filters\CFilter.php(38): CAccessControlFilter->preFilter(Object(CFilterChain))
#2 C:\xampp\htdocs\Vidriluz\yii-1.1.13.e9e4a0\framework\web\CController.php(1145): CFilter->filter(Object(CFilterChain))
#3 C:\xampp\htdocs\Vidriluz\yii-1.1.13.e9e4a0\framework\web\filters\CInlineFilter.php(58): CController->filterAccessControl(Object(CFilterChain))
#4 C:\xampp\htdocs\Vidriluz\yii-1.1.13.e9e4a0\framework\web\filters\CFilterChain.php(130): CInlineFilter->filter(Object(CFilterChain))
#5 C:\xampp\htdocs\Vidriluz\yii-1.1.13.e9e4a0\framework\web\CController.php(291): CFilterChain->run()
#6 C:\xampp\htdocs\Vidriluz\yii-1.1.13.e9e4a0\framework\web\CController.php(265): CController->runActionWithFilters(Object(CInlineAction), Array)
#7 C:\xampp\htdocs\Vidriluz\yii-1.1.13.e9e4a0\framework\web\CWebApplication.php(282): CController->run('admin')
#8 C:\xampp\htdocs\Vidriluz\yii-1.1.13.e9e4a0\framework\web\CWebApplication.php(141): CWebApplication->runController('produto/admin')
#9 C:\xampp\htdocs\Vidriluz\yii-1.1.13.e9e4a0\framework\base\CApplication.php(169): CWebApplication->processRequest()
#10 C:\xampp\htdocs\Vidriluz\site\index.php(13): CApplication->run()
#11 {main}
REQUEST_URI=/Vidriluz/site/index.php/produto/admin
HTTP_REFERER=http://localhost/Vidriluz/site/index.php
---
2013/02/10 00:26:22 [error] [exception.CHttpException.403] exception 'CHttpException' with message 'You are not authorized to perform this action.' in C:\xampp\htdocs\Vidriluz\yii-1.1.13.e9e4a0\framework\web\auth\CAccessControlFilter.php:179
Stack trace:
#0 C:\xampp\htdocs\Vidriluz\yii-1.1.13.e9e4a0\framework\web\auth\CAccessControlFilter.php(142): CAccessControlFilter->accessDenied(Object(WebUser), 'You are not aut...')
#1 C:\xampp\htdocs\Vidriluz\yii-1.1.13.e9e4a0\framework\web\filters\CFilter.php(38): CAccessControlFilter->preFilter(Object(CFilterChain))
#2 C:\xampp\htdocs\Vidriluz\yii-1.1.13.e9e4a0\framework\web\CController.php(1145): CFilter->filter(Object(CFilterChain))
#3 C:\xampp\htdocs\Vidriluz\yii-1.1.13.e9e4a0\framework\web\filters\CInlineFilter.php(58): CController->filterAccessControl(Object(CFilterChain))
#4 C:\xampp\htdocs\Vidriluz\yii-1.1.13.e9e4a0\framework\web\filters\CFilterChain.php(130): CInlineFilter->filter(Object(CFilterChain))
#5 C:\xampp\htdocs\Vidriluz\yii-1.1.13.e9e4a0\framework\web\CController.php(291): CFilterChain->run()
#6 C:\xampp\htdocs\Vidriluz\yii-1.1.13.e9e4a0\framework\web\CController.php(265): CController->runActionWithFilters(Object(CInlineAction), Array)
#7 C:\xampp\htdocs\Vidriluz\yii-1.1.13.e9e4a0\framework\web\CWebApplication.php(282): CController->run('admin')
#8 C:\xampp\htdocs\Vidriluz\yii-1.1.13.e9e4a0\framework\web\CWebApplication.php(141): CWebApplication->runController('produto/admin')
#9 C:\xampp\htdocs\Vidriluz\yii-1.1.13.e9e4a0\framework\base\CApplication.php(169): CWebApplication->processRequest()
#10 C:\xampp\htdocs\Vidriluz\site\index.php(13): CApplication->run()
#11 {main}
REQUEST_URI=/Vidriluz/site/index.php/produto/admin
HTTP_REFERER=http://localhost/Vidriluz/site/index.php/produto/index
---
2013/02/10 00:33:00 [error] [exception.CHttpException.403] exception 'CHttpException' with message 'You are not authorized to perform this action.' in C:\xampp\htdocs\Vidriluz\yii-1.1.13.e9e4a0\framework\web\auth\CAccessControlFilter.php:179
Stack trace:
#0 C:\xampp\htdocs\Vidriluz\yii-1.1.13.e9e4a0\framework\web\auth\CAccessControlFilter.php(142): CAccessControlFilter->accessDenied(Object(WebUser), 'You are not aut...')
#1 C:\xampp\htdocs\Vidriluz\yii-1.1.13.e9e4a0\framework\web\filters\CFilter.php(38): CAccessControlFilter->preFilter(Object(CFilterChain))
#2 C:\xampp\htdocs\Vidriluz\yii-1.1.13.e9e4a0\framework\web\CController.php(1145): CFilter->filter(Object(CFilterChain))
#3 C:\xampp\htdocs\Vidriluz\yii-1.1.13.e9e4a0\framework\web\filters\CInlineFilter.php(58): CController->filterAccessControl(Object(CFilterChain))
#4 C:\xampp\htdocs\Vidriluz\yii-1.1.13.e9e4a0\framework\web\filters\CFilterChain.php(130): CInlineFilter->filter(Object(CFilterChain))
#5 C:\xampp\htdocs\Vidriluz\yii-1.1.13.e9e4a0\framework\web\CController.php(291): CFilterChain->run()
#6 C:\xampp\htdocs\Vidriluz\yii-1.1.13.e9e4a0\framework\web\CController.php(265): CController->runActionWithFilters(Object(CInlineAction), Array)
#7 C:\xampp\htdocs\Vidriluz\yii-1.1.13.e9e4a0\framework\web\CWebApplication.php(282): CController->run('')
#8 C:\xampp\htdocs\Vidriluz\yii-1.1.13.e9e4a0\framework\web\CWebApplication.php(141): CWebApplication->runController('user/admin')
#9 C:\xampp\htdocs\Vidriluz\yii-1.1.13.e9e4a0\framework\base\CApplication.php(169): CWebApplication->processRequest()
#10 C:\xampp\htdocs\Vidriluz\site\index.php(13): CApplication->run()
#11 {main}
REQUEST_URI=/Vidriluz/site/index.php/user/admin
HTTP_REFERER=http://localhost/Vidriluz/site/index.php/user/profile
---
2013/02/10 00:44:18 [error] [exception.CException] exception 'CException' with message 'Alias "ext.cssmenu.CssMenu" is invalid. Make sure it points to an existing PHP file and the file is readable.' in C:\xampp\htdocs\Vidriluz\yii-1.1.13.e9e4a0\framework\YiiBase.php:316
Stack trace:
#0 C:\xampp\htdocs\Vidriluz\yii-1.1.13.e9e4a0\framework\web\CWidgetFactory.php(146): YiiBase::import('ext.cssmenu.Css...', true)
#1 C:\xampp\htdocs\Vidriluz\yii-1.1.13.e9e4a0\framework\web\CBaseController.php(146): CWidgetFactory->createWidget(Object(AlbumController), 'ext.cssmenu.Css...', Array)
#2 C:\xampp\htdocs\Vidriluz\yii-1.1.13.e9e4a0\framework\web\CBaseController.php(172): CBaseController->createWidget('ext.cssmenu.Css...', Array)
#3 C:\xampp\htdocs\Vidriluz\site\protected\views\layouts\main.php(62): CBaseController->widget('ext.cssmenu.Css...', Array)
#4 C:\xampp\htdocs\Vidriluz\yii-1.1.13.e9e4a0\framework\web\CBaseController.php(126): require('C:\xampp\htdocs...')
#5 C:\xampp\htdocs\Vidriluz\yii-1.1.13.e9e4a0\framework\web\CBaseController.php(95): CBaseController->renderInternal('C:\xampp\htdocs...', Array, true)
#6 C:\xampp\htdocs\Vidriluz\yii-1.1.13.e9e4a0\framework\web\widgets\CContentDecorator.php(76): CBaseController->renderFile('C:\xampp\htdocs...', Array, true)
#7 C:\xampp\htdocs\Vidriluz\yii-1.1.13.e9e4a0\framework\web\widgets\CContentDecorator.php(54): CContentDecorator->decorate('<div class="spa...')
#8 C:\xampp\htdocs\Vidriluz\yii-1.1.13.e9e4a0\framework\web\widgets\COutputProcessor.php(44): CContentDecorator->processOutput('<div class="spa...')
#9 C:\xampp\htdocs\Vidriluz\yii-1.1.13.e9e4a0\framework\web\CBaseController.php(206): COutputProcessor->run()
#10 C:\xampp\htdocs\Vidriluz\yii-1.1.13.e9e4a0\framework\web\CBaseController.php(300): CBaseController->endWidget('CContentDecorat...')
#11 C:\xampp\htdocs\Vidriluz\site\protected\views\layouts\column2.php(22): CBaseController->endContent()
#12 C:\xampp\htdocs\Vidriluz\yii-1.1.13.e9e4a0\framework\web\CBaseController.php(126): require('C:\xampp\htdocs...')
#13 C:\xampp\htdocs\Vidriluz\yii-1.1.13.e9e4a0\framework\web\CBaseController.php(95): CBaseController->renderInternal('C:\xampp\htdocs...', Array, true)
#14 C:\xampp\htdocs\Vidriluz\yii-1.1.13.e9e4a0\framework\web\CController.php(784): CBaseController->renderFile('C:\xampp\htdocs...', Array, true)
#15 C:\xampp\htdocs\Vidriluz\site\protected\controllers\AlbumController.php(128): CController->render('index', Array)
#16 C:\xampp\htdocs\Vidriluz\yii-1.1.13.e9e4a0\framework\web\actions\CInlineAction.php(49): AlbumController->actionIndex()
#17 C:\xampp\htdocs\Vidriluz\yii-1.1.13.e9e4a0\framework\web\CController.php(308): CInlineAction->runWithParams(Array)
#18 C:\xampp\htdocs\Vidriluz\yii-1.1.13.e9e4a0\framework\web\filters\CFilterChain.php(133): CController->runAction(Object(CInlineAction))
#19 C:\xampp\htdocs\Vidriluz\yii-1.1.13.e9e4a0\framework\web\filters\CFilter.php(40): CFilterChain->run()
#20 C:\xampp\htdocs\Vidriluz\yii-1.1.13.e9e4a0\framework\web\CController.php(1145): CFilter->filter(Object(CFilterChain))
#21 C:\xampp\htdocs\Vidriluz\yii-1.1.13.e9e4a0\framework\web\filters\CInlineFilter.php(58): CController->filterAccessControl(Object(CFilterChain))
#22 C:\xampp\htdocs\Vidriluz\yii-1.1.13.e9e4a0\framework\web\filters\CFilterChain.php(130): CInlineFilter->filter(Object(CFilterChain))
#23 C:\xampp\htdocs\Vidriluz\yii-1.1.13.e9e4a0\framework\web\CController.php(291): CFilterChain->run()
#24 C:\xampp\htdocs\Vidriluz\yii-1.1.13.e9e4a0\framework\web\CController.php(265): CController->runActionWithFilters(Object(CInlineAction), Array)
#25 C:\xampp\htdocs\Vidriluz\yii-1.1.13.e9e4a0\framework\web\CWebApplication.php(282): CController->run('index')
#26 C:\xampp\htdocs\Vidriluz\yii-1.1.13.e9e4a0\framework\web\CWebApplication.php(141): CWebApplication->runController('album/index')
#27 C:\xampp\htdocs\Vidriluz\yii-1.1.13.e9e4a0\framework\base\CApplication.php(169): CWebApplication->processRequest()
#28 C:\xampp\htdocs\Vidriluz\site\index.php(13): CApplication->run()
#29 {main}
REQUEST_URI=/Vidriluz/site/index.php/album/index
HTTP_REFERER=http://localhost/Vidriluz/site/index.php/site/index
---
2013/02/10 00:44:23 [error] [exception.CException] exception 'CException' with message 'Alias "ext.cssmenu.CssMenu" is invalid. Make sure it points to an existing PHP file and the file is readable.' in C:\xampp\htdocs\Vidriluz\yii-1.1.13.e9e4a0\framework\YiiBase.php:316
Stack trace:
#0 C:\xampp\htdocs\Vidriluz\yii-1.1.13.e9e4a0\framework\web\CWidgetFactory.php(146): YiiBase::import('ext.cssmenu.Css...', true)
#1 C:\xampp\htdocs\Vidriluz\yii-1.1.13.e9e4a0\framework\web\CBaseController.php(146): CWidgetFactory->createWidget(Object(AlbumController), 'ext.cssmenu.Css...', Array)
#2 C:\xampp\htdocs\Vidriluz\yii-1.1.13.e9e4a0\framework\web\CBaseController.php(172): CBaseController->createWidget('ext.cssmenu.Css...', Array)
#3 C:\xampp\htdocs\Vidriluz\site\protected\views\layouts\main.php(62): CBaseController->widget('ext.cssmenu.Css...', Array)
#4 C:\xampp\htdocs\Vidriluz\yii-1.1.13.e9e4a0\framework\web\CBaseController.php(126): require('C:\xampp\htdocs...')
#5 C:\xampp\htdocs\Vidriluz\yii-1.1.13.e9e4a0\framework\web\CBaseController.php(95): CBaseController->renderInternal('C:\xampp\htdocs...', Array, true)
#6 C:\xampp\htdocs\Vidriluz\yii-1.1.13.e9e4a0\framework\web\widgets\CContentDecorator.php(76): CBaseController->renderFile('C:\xampp\htdocs...', Array, true)
#7 C:\xampp\htdocs\Vidriluz\yii-1.1.13.e9e4a0\framework\web\widgets\CContentDecorator.php(54): CContentDecorator->decorate('<div class="spa...')
#8 C:\xampp\htdocs\Vidriluz\yii-1.1.13.e9e4a0\framework\web\widgets\COutputProcessor.php(44): CContentDecorator->processOutput('<div class="spa...')
#9 C:\xampp\htdocs\Vidriluz\yii-1.1.13.e9e4a0\framework\web\CBaseController.php(206): COutputProcessor->run()
#10 C:\xampp\htdocs\Vidriluz\yii-1.1.13.e9e4a0\framework\web\CBaseController.php(300): CBaseController->endWidget('CContentDecorat...')
#11 C:\xampp\htdocs\Vidriluz\site\protected\views\layouts\column2.php(22): CBaseController->endContent()
#12 C:\xampp\htdocs\Vidriluz\yii-1.1.13.e9e4a0\framework\web\CBaseController.php(126): require('C:\xampp\htdocs...')
#13 C:\xampp\htdocs\Vidriluz\yii-1.1.13.e9e4a0\framework\web\CBaseController.php(95): CBaseController->renderInternal('C:\xampp\htdocs...', Array, true)
#14 C:\xampp\htdocs\Vidriluz\yii-1.1.13.e9e4a0\framework\web\CController.php(784): CBaseController->renderFile('C:\xampp\htdocs...', Array, true)
#15 C:\xampp\htdocs\Vidriluz\site\protected\controllers\AlbumController.php(128): CController->render('index', Array)
#16 C:\xampp\htdocs\Vidriluz\yii-1.1.13.e9e4a0\framework\web\actions\CInlineAction.php(49): AlbumController->actionIndex()
#17 C:\xampp\htdocs\Vidriluz\yii-1.1.13.e9e4a0\framework\web\CController.php(308): CInlineAction->runWithParams(Array)
#18 C:\xampp\htdocs\Vidriluz\yii-1.1.13.e9e4a0\framework\web\filters\CFilterChain.php(133): CController->runAction(Object(CInlineAction))
#19 C:\xampp\htdocs\Vidriluz\yii-1.1.13.e9e4a0\framework\web\filters\CFilter.php(40): CFilterChain->run()
#20 C:\xampp\htdocs\Vidriluz\yii-1.1.13.e9e4a0\framework\web\CController.php(1145): CFilter->filter(Object(CFilterChain))
#21 C:\xampp\htdocs\Vidriluz\yii-1.1.13.e9e4a0\framework\web\filters\CInlineFilter.php(58): CController->filterAccessControl(Object(CFilterChain))
#22 C:\xampp\htdocs\Vidriluz\yii-1.1.13.e9e4a0\framework\web\filters\CFilterChain.php(130): CInlineFilter->filter(Object(CFilterChain))
#23 C:\xampp\htdocs\Vidriluz\yii-1.1.13.e9e4a0\framework\web\CController.php(291): CFilterChain->run()
#24 C:\xampp\htdocs\Vidriluz\yii-1.1.13.e9e4a0\framework\web\CController.php(265): CController->runActionWithFilters(Object(CInlineAction), Array)
#25 C:\xampp\htdocs\Vidriluz\yii-1.1.13.e9e4a0\framework\web\CWebApplication.php(282): CController->run('index')
#26 C:\xampp\htdocs\Vidriluz\yii-1.1.13.e9e4a0\framework\web\CWebApplication.php(141): CWebApplication->runController('album/index')
#27 C:\xampp\htdocs\Vidriluz\yii-1.1.13.e9e4a0\framework\base\CApplication.php(169): CWebApplication->processRequest()
#28 C:\xampp\htdocs\Vidriluz\site\index.php(13): CApplication->run()
#29 {main}
REQUEST_URI=/Vidriluz/site/index.php/album/index
HTTP_REFERER=http://localhost/Vidriluz/site/index.php/site/index
---
